Arguments: 
  C:\Program Files\nodejs\node.exe C:\Users\lenovo\AppData\Roaming\npm\node_modules\yarn\bin\yarn.js add react-credit-card-demo

PATH: 
  C:\Program Files (x86)\Common Files\Oracle\Java\javapath;C:\Windows\system32;C:\Windows;C:\Windows\System32\Wbem;C:\Windows\System32\WindowsPowerShell\v1.0\;C:\Program Files (x86)\NVIDIA Corporation\PhysX\Common;C:\Android;C:\Program Files\Java\jdk-10.0.2\bin;C:\Program Files\Java\jre-10.0.2\bin;C:\WINDOWS\system32;C:\WINDOWS;C:\WINDOWS\System32\Wbem;C:\WINDOWS\System32\WindowsPowerShell\v1.0\;C:\WINDOWS\System32\OpenSSH\;C:\Users\lenovo\AppData\Local\Programs\Python\Python37-32;C:\Users\lenovo\AppData\Local\Programs\Python\Python37-32\python.exe;C:\Program Files\Java\jdk1.8.0_191\bin;C:\Program Files\nodejs\;C:\Users\lenovo\AppData\Local\Microsoft\WindowsApps;C:\Users\lenovo\AppData\Local\atom\bin;C:\Users\lenovo\AppData\Local\Microsoft\WindowsApps;;C:\Users\lenovo\AppData\Local\Programs\Microsoft VS Code\bin;C:\Users\lenovo\AppData\Roaming\npm

Yarn version: 
  1.22.10

Node version: 
  14.17.1

Platform: 
  win32 x64

Trace: 
  Error: https://registry.yarnpkg.com/react-credit-card-demo: Not found
      at Request.params.callback [as _callback] (C:\Users\lenovo\AppData\Roaming\npm\node_modules\yarn\lib\cli.js:66988:18)
      at Request.self.callback (C:\Users\lenovo\AppData\Roaming\npm\node_modules\yarn\lib\cli.js:140662:22)
      at Request.emit (events.js:375:28)
      at Request.<anonymous> (C:\Users\lenovo\AppData\Roaming\npm\node_modules\yarn\lib\cli.js:141634:10)
      at Request.emit (events.js:375:28)
      at IncomingMessage.<anonymous> (C:\Users\lenovo\AppData\Roaming\npm\node_modules\yarn\lib\cli.js:141556:12)
      at Object.onceWrapper (events.js:481:28)
      at IncomingMessage.emit (events.js:387:35)
      at endReadableNT (internal/streams/readable.js:1317:12)
      at processTicksAndRejections (internal/process/task_queues.js:82:21)

npm manifest: 
  {
    "name": "react-credit-card-demo",
    "version": "0.1.0",
    "private": true,
    "dependencies": {
      "@testing-library/jest-dom": "^5.14.1",
      "@testing-library/react": "^11.2.7",
      "@testing-library/user-event": "^12.8.3",
      "react": "^17.0.2",
      "react-dom": "^17.0.2",
      "react-scripts": "4.0.3",
      "web-vitals": "^1.1.2"
    },
    "scripts": {
      "start": "react-scripts start",
      "build": "react-scripts build",
      "test": "react-scripts test",
      "eject": "react-scripts eject"
    },
    "eslintConfig": {
      "extends": [
        "react-app",
        "react-app/jest"
      ]
    },
    "browserslist": {
      "production": [
        ">0.2%",
        "not dead",
        "not op_mini all"
      ],
      "development": [
        "last 1 chrome version",
        "last 1 firefox version",
        "last 1 safari version"
      ]
    }
  }

yarn manifest: 
  No manifest

Lockfile: 
  No lockfile
